<?xml version="1.0" encoding="UTF-8"?>
<testsuite name="SumOfMultiplesTest" tests="1" skipped="0" failures="0" errors="0" timestamp="2019-08-14T14:26:41" hostname="Admins-MacBook-Pro.local" time="0.008">
  <properties/>
  <testcase name="testSolutionsUsingIncludeExcludeMustExtendToCardinalityGreater3" classname="SumOfMultiplesTest" time="0.008"/>
  <system-out><![CDATA[]]></system-out>
  <system-err><![CDATA[]]></system-err>
</testsuite>
